2016-10-06 22:12:04,346 INFO  [org.jboss.modules] (main) JBoss Modules version 1.5.2.Final
2016-10-06 22:12:09,743 INFO  [org.jboss.msc] (main) JBoss MSC version 1.2.6.Final
2016-10-06 22:12:09,964 INFO  [org.jboss.as] (MSC service thread 1-7) WFLYSRV0049: WildFly Full 10.1.0.Final (WildFly Core 2.2.0.Final) starting
2016-10-06 22:12:09,966 DEBUG [org.jboss.as.config] (MSC service thread 1-7) Configured system properties:
	[Standalone] = 
	awt.toolkit = sun.lwawt.macosx.LWCToolkit
	file.encoding = UTF-8
	file.encoding.pkg = sun.io
	file.separator = /
	ftp.nonProxyHosts = local|*.local|169.254/16|*.169.254/16
	gopherProxySet = false
	http.nonProxyHosts = local|*.local|169.254/16|*.169.254/16
	java.awt.graphicsenv = sun.awt.CGraphicsEnvironment
	java.awt.printerjob = sun.lwawt.macosx.CPrinterJob
	java.class.path = /Users/anitailieva/Documents/PG5100/PG5100-Java-EE/exam_example/frontend/target/downloaded_Wildfly/wildfly-10.1.0.Final/jboss-modules.jar:/Users/anitailieva/.m2/repository/org/jacoco/org.jacoco.agent/0.7.7.201606060606/org.jacoco.agent-0.7.7.201606060606-runtime.jar
	java.class.version = 52.0
	java.endorsed.dirs = /Library/Java/JavaVirtualMachines/jdk1.8.0_60.jdk/Contents/Home/jre/lib/endorsed
	java.ext.dirs = /Users/anitailieva/Library/Java/Extensions:/Library/Java/JavaVirtualMachines/jdk1.8.0_60.jdk/Contents/Home/jre/lib/ext:/Library/Java/Extensions:/Network/Library/Java/Extensions:/System/Library/Java/Extensions:/usr/lib/java
	java.home = /Library/Java/JavaVirtualMachines/jdk1.8.0_60.jdk/Contents/Home/jre
	java.io.tmpdir = /var/folders/g4/l3b1zx9114q8377ljj5bxvpr0000gn/T/
	java.library.path = /Users/anitailieva/Library/Java/Extensions:/Library/Java/Extensions:/Network/Library/Java/Extensions:/System/Library/Java/Extensions:/usr/lib/java:.
	java.runtime.name = Java(TM) SE Runtime Environment
	java.runtime.version = 1.8.0_60-b27
	java.specification.name = Java Platform API Specification
	java.specification.vendor = Oracle Corporation
	java.specification.version = 1.8
	java.util.logging.manager = org.jboss.logmanager.LogManager
	java.vendor = Oracle Corporation
	java.vendor.url = http://java.oracle.com/
	java.vendor.url.bug = http://bugreport.sun.com/bugreport/
	java.version = 1.8.0_60
	java.vm.info = mixed mode
	java.vm.name = Java HotSpot(TM) 64-Bit Server VM
	java.vm.specification.name = Java Virtual Machine Specification
	java.vm.specification.vendor = Oracle Corporation
	java.vm.specification.version = 1.8
	java.vm.vendor = Oracle Corporation
	java.vm.version = 25.60-b23
	javax.management.builder.initial = org.jboss.as.jmx.PluggableMBeanServerBuilder
	javax.xml.datatype.DatatypeFactory = __redirected.__DatatypeFactory
	javax.xml.parsers.DocumentBuilderFactory = __redirected.__DocumentBuilderFactory
	javax.xml.parsers.SAXParserFactory = __redirected.__SAXParserFactory
	javax.xml.stream.XMLEventFactory = __redirected.__XMLEventFactory
	javax.xml.stream.XMLInputFactory = __redirected.__XMLInputFactory
	javax.xml.stream.XMLOutputFactory = __redirected.__XMLOutputFactory
	javax.xml.transform.TransformerFactory = __redirected.__TransformerFactory
	javax.xml.validation.SchemaFactory:http://www.w3.org/2001/XMLSchema = __redirected.__SchemaFactory
	javax.xml.xpath.XPathFactory:http://java.sun.com/jaxp/xpath/dom = __redirected.__XPathFactory
	jboss.home.dir = /Users/anitailieva/Documents/PG5100/PG5100-Java-EE/exam_example/frontend/target/downloaded_Wildfly/wildfly-10.1.0.Final
	jboss.host.name = anitas-macbook-pro
	jboss.modules.dir = /Users/anitailieva/Documents/PG5100/PG5100-Java-EE/exam_example/frontend/target/downloaded_Wildfly/wildfly-10.1.0.Final/modules
	jboss.node.name = anitas-macbook-pro
	jboss.qualified.host.name = anitas-macbook-pro.local
	jboss.server.base.dir = /Users/anitailieva/Documents/PG5100/PG5100-Java-EE/exam_example/frontend/target/downloaded_Wildfly/wildfly-10.1.0.Final/standalone
	jboss.server.config.dir = /Users/anitailieva/Documents/PG5100/PG5100-Java-EE/exam_example/frontend/target/downloaded_Wildfly/wildfly-10.1.0.Final/standalone/configuration
	jboss.server.data.dir = /Users/anitailieva/Documents/PG5100/PG5100-Java-EE/exam_example/frontend/target/downloaded_Wildfly/wildfly-10.1.0.Final/standalone/data
	jboss.server.deploy.dir = /Users/anitailieva/Documents/PG5100/PG5100-Java-EE/exam_example/frontend/target/downloaded_Wildfly/wildfly-10.1.0.Final/standalone/data/content
	jboss.server.log.dir = /Users/anitailieva/Documents/PG5100/PG5100-Java-EE/exam_example/frontend/target/downloaded_Wildfly/wildfly-10.1.0.Final/standalone/log
	jboss.server.name = anitas-macbook-pro
	jboss.server.persist.config = true
	jboss.server.temp.dir = /Users/anitailieva/Documents/PG5100/PG5100-Java-EE/exam_example/frontend/target/downloaded_Wildfly/wildfly-10.1.0.Final/standalone/tmp
	line.separator = 

	logging.configuration = file:/Users/anitailieva/Documents/PG5100/PG5100-Java-EE/exam_example/frontend/target/downloaded_Wildfly/wildfly-10.1.0.Final/standalone/configuration/logging.properties
	module.path = /Users/anitailieva/Documents/PG5100/PG5100-Java-EE/exam_example/frontend/target/downloaded_Wildfly/wildfly-10.1.0.Final/modules
	org.jboss.boot.log.file = /Users/anitailieva/Documents/PG5100/PG5100-Java-EE/exam_example/frontend/target/downloaded_Wildfly/wildfly-10.1.0.Final/standalone/log/server.log
	org.jboss.resolver.warning = true
	org.xml.sax.driver = __redirected.__XMLReaderFactory
	os.arch = x86_64
	os.name = Mac OS X
	os.version = 10.12
	path.separator = :
	socksNonProxyHosts = local|*.local|169.254/16|*.169.254/16
	sun.arch.data.model = 64
	sun.boot.class.path = /Library/Java/JavaVirtualMachines/jdk1.8.0_60.jdk/Contents/Home/jre/lib/resources.jar:/Library/Java/JavaVirtualMachines/jdk1.8.0_60.jdk/Contents/Home/jre/lib/rt.jar:/Library/Java/JavaVirtualMachines/jdk1.8.0_60.jdk/Contents/Home/jre/lib/sunrsasign.jar:/Library/Java/JavaVirtualMachines/jdk1.8.0_60.jdk/Contents/Home/jre/lib/jsse.jar:/Library/Java/JavaVirtualMachines/jdk1.8.0_60.jdk/Contents/Home/jre/lib/jce.jar:/Library/Java/JavaVirtualMachines/jdk1.8.0_60.jdk/Contents/Home/jre/lib/charsets.jar:/Library/Java/JavaVirtualMachines/jdk1.8.0_60.jdk/Contents/Home/jre/lib/jfr.jar:/Library/Java/JavaVirtualMachines/jdk1.8.0_60.jdk/Contents/Home/jre/classes
	sun.boot.library.path = /Library/Java/JavaVirtualMachines/jdk1.8.0_60.jdk/Contents/Home/jre/lib
	sun.cpu.endian = little
	sun.cpu.isalist = 
	sun.io.unicode.encoding = UnicodeBig
	sun.java.command = /Users/anitailieva/Documents/PG5100/PG5100-Java-EE/exam_example/frontend/target/downloaded_Wildfly/wildfly-10.1.0.Final/jboss-modules.jar -mp /Users/anitailieva/Documents/PG5100/PG5100-Java-EE/exam_example/frontend/target/downloaded_Wildfly/wildfly-10.1.0.Final/modules org.jboss.as.standalone -Djboss.home.dir=/Users/anitailieva/Documents/PG5100/PG5100-Java-EE/exam_example/frontend/target/downloaded_Wildfly/wildfly-10.1.0.Final -Djboss.server.base.dir=/Users/anitailieva/Documents/PG5100/PG5100-Java-EE/exam_example/frontend/target/downloaded_Wildfly/wildfly-10.1.0.Final/standalone -Djboss.server.log.dir=/Users/anitailieva/Documents/PG5100/PG5100-Java-EE/exam_example/frontend/target/downloaded_Wildfly/wildfly-10.1.0.Final/standalone/log -Djboss.server.config.dir=/Users/anitailieva/Documents/PG5100/PG5100-Java-EE/exam_example/frontend/target/downloaded_Wildfly/wildfly-10.1.0.Final/standalone/configuration
	sun.java.launcher = SUN_STANDARD
	sun.jnu.encoding = UTF-8
	sun.management.compiler = HotSpot 64-Bit Tiered Compilers
	sun.os.patch.level = unknown
	user.country = US
	user.country.format = NO
	user.dir = /Users/anitailieva/Documents/PG5100/PG5100-Java-EE
	user.home = /Users/anitailieva
	user.language = en
	user.name = anitailieva
	user.timezone = Europe/Oslo
2016-10-06 22:12:09,967 DEBUG [org.jboss.as.config] (MSC service thread 1-7) VM Arguments: -D[Standalone] -javaagent:/Users/anitailieva/.m2/repository/org/jacoco/org.jacoco.agent/0.7.7.201606060606/org.jacoco.agent-0.7.7.201606060606-runtime.jar=destfile=/Users/anitailieva/Documents/PG5100/PG5100-Java-EE/exam_example/frontend/target/jacoco-it.exec -Dorg.jboss.boot.log.file=/Users/anitailieva/Documents/PG5100/PG5100-Java-EE/exam_example/frontend/target/downloaded_Wildfly/wildfly-10.1.0.Final/standalone/log/server.log -Dlogging.configuration=file:/Users/anitailieva/Documents/PG5100/PG5100-Java-EE/exam_example/frontend/target/downloaded_Wildfly/wildfly-10.1.0.Final/standalone/configuration/logging.properties 
2016-10-06 22:12:12,185 INFO  [org.jboss.as.server] (Controller Boot Thread) WFLYSRV0039: Creating http management service using socket-binding (management-http)
2016-10-06 22:12:12,216 INFO  [org.xnio] (MSC service thread 1-3) XNIO version 3.4.0.Final
2016-10-06 22:12:12,232 INFO  [org.xnio.nio] (MSC service thread 1-3) XNIO NIO Implementation Version 3.4.0.Final
2016-10-06 22:12:12,356 WARN  [org.jboss.as.txn] (ServerService Thread Pool -- 54) WFLYTX0013: Node identifier property is set to the default value. Please make sure it is unique.
2016-10-06 22:12:12,369 INFO  [org.jboss.as.jsf] (ServerService Thread Pool -- 44) WFLYJSF0007: Activated the following JSF Implementations: [main]
2016-10-06 22:12:12,381 INFO  [org.jboss.as.clustering.infinispan] (ServerService Thread Pool -- 38) WFLYCLINF0001: Activating Infinispan subsystem.
2016-10-06 22:12:12,379 INFO  [org.jboss.as.security] (ServerService Thread Pool -- 53) WFLYSEC0002: Activating Security Subsystem
2016-10-06 22:12:12,385 INFO  [org.wildfly.extension.io] (ServerService Thread Pool -- 37) WFLYIO001: Worker 'default' has auto-configured to 8 core threads with 64 task threads based on your 4 available processors
2016-10-06 22:12:12,387 INFO  [org.jboss.as.webservices] (ServerService Thread Pool -- 56) WFLYWS0002: Activating WebServices Extension
2016-10-06 22:12:12,401 INFO  [org.jboss.as.naming] (ServerService Thread Pool -- 46) WFLYNAM0001: Activating Naming Subsystem
2016-10-06 22:12:12,427 INFO  [org.jboss.remoting] (MSC service thread 1-3) JBoss Remoting version 4.0.21.Final
2016-10-06 22:12:12,446 INFO  [org.wildfly.extension.undertow] (MSC service thread 1-8) WFLYUT0003: Undertow 1.4.0.Final starting
2016-10-06 22:12:12,450 INFO  [org.jboss.as.connector] (MSC service thread 1-4) WFLYJCA0009: Starting JCA Subsystem (WildFly/IronJacamar 1.3.4.Final)
2016-10-06 22:12:12,474 INFO  [org.jboss.as.security] (MSC service thread 1-6) WFLYSEC0001: Current PicketBox version=4.9.6.Final
2016-10-06 22:12:12,535 INFO  [org.jboss.as.connector.subsystems.datasources] (ServerService Thread Pool -- 33) WFLYJCA0004: Deploying JDBC-compliant driver class org.h2.Driver (version 1.3)
2016-10-06 22:12:12,542 INFO  [org.jboss.as.connector.deployers.jdbc] (MSC service thread 1-8) WFLYJCA0018: Started Driver service with driver-name = h2
2016-10-06 22:12:12,548 INFO  [org.jboss.as.naming] (MSC service thread 1-8) WFLYNAM0003: Starting Naming Service
2016-10-06 22:12:12,553 INFO  [org.jboss.as.mail.extension] (MSC service thread 1-6) WFLYMAIL0001: Bound mail session [java:jboss/mail/Default]
2016-10-06 22:12:12,741 INFO  [org.wildfly.extension.undertow] (ServerService Thread Pool -- 55) WFLYUT0014: Creating file handler for path '/Users/anitailieva/Documents/PG5100/PG5100-Java-EE/exam_example/frontend/target/downloaded_Wildfly/wildfly-10.1.0.Final/welcome-content' with options [directory-listing: 'false', follow-symlink: 'false', case-sensitive: 'true', safe-symlink-paths: '[]']
2016-10-06 22:12:12,779 INFO  [org.wildfly.extension.undertow] (MSC service thread 1-3) WFLYUT0012: Started server default-server.
2016-10-06 22:12:12,796 INFO  [org.wildfly.extension.undertow] (MSC service thread 1-4) WFLYUT0018: Host default-host starting
2016-10-06 22:12:13,009 INFO  [org.wildfly.extension.undertow] (MSC service thread 1-3) WFLYUT0006: Undertow HTTP listener default listening on 127.0.0.1:8080
2016-10-06 22:12:13,063 INFO  [org.jboss.as.ejb3] (MSC service thread 1-8) WFLYEJB0482: Strict pool mdb-strict-max-pool is using a max instance size of 16 (per class), which is derived from the number of CPUs on this host.
2016-10-06 22:12:13,065 INFO  [org.jboss.as.ejb3] (MSC service thread 1-6) WFLYEJB0481: Strict pool slsb-strict-max-pool is using a max instance size of 64 (per class), which is derived from thread worker pool sizing.
2016-10-06 22:12:13,378 WARN  [org.jboss.as.domain.management.security] (MSC service thread 1-7) WFLYDM0111: Keystore /Users/anitailieva/Documents/PG5100/PG5100-Java-EE/exam_example/frontend/target/downloaded_Wildfly/wildfly-10.1.0.Final/standalone/configuration/application.keystore not found, it will be auto generated on first use with a self signed certificate for host localhost
2016-10-06 22:12:13,423 INFO  [org.jboss.as.server.deployment.scanner] (MSC service thread 1-8) WFLYDS0013: Started FileSystemDeploymentService for directory /Users/anitailieva/Documents/PG5100/PG5100-Java-EE/exam_example/frontend/target/downloaded_Wildfly/wildfly-10.1.0.Final/standalone/deployments
2016-10-06 22:12:13,545 INFO  [org.wildfly.extension.undertow] (MSC service thread 1-7) WFLYUT0006: Undertow HTTPS listener https listening on 127.0.0.1:8443
2016-10-06 22:12:13,668 INFO  [org.infinispan.factories.GlobalComponentRegistry] (MSC service thread 1-2) ISPN000128: Infinispan version: Infinispan 'Chakra' 8.2.4.Final
2016-10-06 22:12:13,920 INFO  [org.infinispan.configuration.cache.EvictionConfigurationBuilder] (ServerService Thread Pool -- 59) ISPN000152: Passivation configured without an eviction policy being selected. Only manually evicted entities will be passivated.
2016-10-06 22:12:13,921 INFO  [org.infinispan.configuration.cache.EvictionConfigurationBuilder] (ServerService Thread Pool -- 58) ISPN000152: Passivation configured without an eviction policy being selected. Only manually evicted entities will be passivated.
2016-10-06 22:12:13,922 INFO  [org.infinispan.configuration.cache.EvictionConfigurationBuilder] (ServerService Thread Pool -- 59) ISPN000152: Passivation configured without an eviction policy being selected. Only manually evicted entities will be passivated.
2016-10-06 22:12:13,922 INFO  [org.infinispan.configuration.cache.EvictionConfigurationBuilder] (ServerService Thread Pool -- 58) ISPN000152: Passivation configured without an eviction policy being selected. Only manually evicted entities will be passivated.
2016-10-06 22:12:13,924 INFO  [org.infinispan.configuration.cache.EvictionConfigurationBuilder] (ServerService Thread Pool -- 63) ISPN000152: Passivation configured without an eviction policy being selected. Only manually evicted entities will be passivated.
2016-10-06 22:12:13,925 INFO  [org.infinispan.configuration.cache.EvictionConfigurationBuilder] (ServerService Thread Pool -- 63) ISPN000152: Passivation configured without an eviction policy being selected. Only manually evicted entities will be passivated.
2016-10-06 22:12:14,001 INFO  [org.jboss.ws.common.management] (MSC service thread 1-7) JBWS022052: Starting JBossWS 5.1.5.Final (Apache CXF 3.1.6) 
2016-10-06 22:12:18,239 INFO  [org.jboss.as.connector.subsystems.datasources] (MSC service thread 1-5) WFLYJCA0001: Bound data source [java:jboss/datasources/ExampleDS]
2016-10-06 22:12:18,446 INFO  [org.jboss.as] (Controller Boot Thread) WFLYSRV0060: Http management interface listening on http://127.0.0.1:9990/management
2016-10-06 22:12:18,449 INFO  [org.jboss.as] (Controller Boot Thread) WFLYSRV0051: Admin console listening on http://127.0.0.1:9990
2016-10-06 22:12:18,449 INFO  [org.jboss.as] (Controller Boot Thread) WFLYSRV0025: WildFly Full 10.1.0.Final (WildFly Core 2.2.0.Final) started in 14795ms - Started 331 of 577 services (393 services are lazy, passive or on-demand)
2016-10-06 22:12:18,727 INFO  [org.jboss.as.repository] (management-handler-thread - 2) WFLYDR0001: Content added at location /Users/anitailieva/Documents/PG5100/PG5100-Java-EE/exam_example/frontend/target/downloaded_Wildfly/wildfly-10.1.0.Final/standalone/data/content/95/6df26af9f61985e36a6341036ff162c87320ed/content
2016-10-06 22:12:18,761 INFO  [org.jboss.as.server.deployment] (MSC service thread 1-6) WFLYSRV0027: Starting deployment of "frontend-1.0-SNAPSHOT.war" (runtime-name: "frontend-1.0-SNAPSHOT.war")
2016-10-06 22:12:19,505 WARN  [org.jboss.weld.deployer] (MSC service thread 1-2) WFLYWELD0013: Deployment deployment "frontend-1.0-SNAPSHOT.war" contains CDI annotations but no bean archive was not found. (No beans.xml nor class with bean defining annotations)
2016-10-06 22:12:19,858 INFO  [javax.enterprise.resource.webcontainer.jsf.config] (ServerService Thread Pool -- 23) Initializing Mojarra 2.2.13.SP1 20160303-1204 for context '/frontend-1.0-SNAPSHOT'
2016-10-06 22:12:20,702 INFO  [org.wildfly.extension.undertow] (ServerService Thread Pool -- 23) WFLYUT0021: Registered web context: /frontend-1.0-SNAPSHOT
2016-10-06 22:12:20,768 INFO  [org.jboss.as.server] (management-handler-thread - 2) WFLYSRV0010: Deployed "frontend-1.0-SNAPSHOT.war" (runtime-name : "frontend-1.0-SNAPSHOT.war")
2016-10-06 22:12:20,815 INFO  [org.wildfly.extension.undertow] (ServerService Thread Pool -- 23) WFLYUT0022: Unregistered web context: /frontend-1.0-SNAPSHOT
2016-10-06 22:12:20,838 INFO  [org.jboss.as.server.deployment] (MSC service thread 1-8) WFLYSRV0028: Stopped deployment frontend-1.0-SNAPSHOT.war (runtime-name: frontend-1.0-SNAPSHOT.war) in 36ms
2016-10-06 22:12:20,862 WARN  [org.jboss.as.controller] (management-handler-thread - 1) WFLYCTL0357: Notification of type deployment-undeployed is not described for the resource at the address []
2016-10-06 22:12:20,868 INFO  [org.jboss.as.repository] (management-handler-thread - 1) WFLYDR0002: Content removed from location /Users/anitailieva/Documents/PG5100/PG5100-Java-EE/exam_example/frontend/target/downloaded_Wildfly/wildfly-10.1.0.Final/standalone/data/content/95/6df26af9f61985e36a6341036ff162c87320ed/content
2016-10-06 22:12:20,868 INFO  [org.jboss.as.server] (management-handler-thread - 1) WFLYSRV0009: Undeployed "frontend-1.0-SNAPSHOT.war" (runtime-name: "frontend-1.0-SNAPSHOT.war")
2016-10-06 22:12:20,893 INFO  [org.jboss.as.server] (management-handler-thread - 3) WFLYSRV0236: Suspending server with no timeout.
2016-10-06 22:12:20,896 INFO  [org.jboss.as.server] (Management Triggered Shutdown) WFLYSRV0241: Shutting down in response to management operation 'shutdown'
2016-10-06 22:12:21,040 INFO  [org.jboss.as.connector.subsystems.datasources] (MSC service thread 1-8) WFLYJCA0010: Unbound data source [java:jboss/datasources/ExampleDS]
2016-10-06 22:12:21,052 INFO  [org.wildfly.extension.undertow] (MSC service thread 1-2) WFLYUT0008: Undertow HTTPS listener https suspending
2016-10-06 22:12:21,055 INFO  [org.wildfly.extension.undertow] (MSC service thread 1-4) WFLYUT0019: Host default-host stopping
2016-10-06 22:12:21,056 INFO  [org.wildfly.extension.undertow] (MSC service thread 1-2) WFLYUT0007: Undertow HTTPS listener https stopped, was bound to 127.0.0.1:8443
2016-10-06 22:12:21,067 INFO  [org.wildfly.extension.undertow] (MSC service thread 1-7) WFLYUT0008: Undertow HTTP listener default suspending
2016-10-06 22:12:21,068 INFO  [org.wildfly.extension.undertow] (MSC service thread 1-7) WFLYUT0007: Undertow HTTP listener default stopped, was bound to 127.0.0.1:8080
2016-10-06 22:12:21,069 INFO  [org.wildfly.extension.undertow] (MSC service thread 1-7) WFLYUT0004: Undertow 1.4.0.Final stopping
2016-10-06 22:12:21,090 INFO  [org.jboss.as.connector.deployers.jdbc] (MSC service thread 1-5) WFLYJCA0019: Stopped Driver service with driver-name = h2
2016-10-06 22:12:21,105 INFO  [org.jboss.as] (MSC service thread 1-3) WFLYSRV0050: WildFly Full 10.1.0.Final (WildFly Core 2.2.0.Final) stopped in 68ms
